<?xml version="1.0" encoding="UTF-8"?>
<!-- Generated by org.testng.reporters.JUnitReportReporter -->
<testsuite hostname="DESKTOP-SPDP9HB" failures="0" tests="1" name="LG.MainTestCases" time="24.523" errors="0" timestamp="2024-02-21T23:50:12 TRT" skipped="0">
  <testcase classname="LG.MainTestCases" name="RandomItem" time="24.523"/>
  <system-out/>
</testsuite> <!-- LG.MainTestCases -->
